<?xml version="1.0" encoding="UTF-8"?>
<testng-results skipped="0" failed="0" total="1" passed="1">
  <reporter-output>
  </reporter-output>
  <suite name="Surefire suite" duration-ms="1339" started-at="2016-09-09T06:19:32Z" finished-at="2016-09-09T06:19:33Z">
    <groups>
    </groups>
    <test name="Surefire test" duration-ms="1339" started-at="2016-09-09T06:19:32Z" finished-at="2016-09-09T06:19:33Z">
      <class name="com.entity.AppTest">
        <test-method status="PASS" signature="testApp()[pri:0, instance:testApp(com.entity.AppTest)]" name="testApp" duration-ms="1326" started-at="2016-09-09T11:19:32Z" finished-at="2016-09-09T11:19:33Z">
          <reporter-output>
          </reporter-output>
        </test-method> <!-- testApp -->
      </class> <!-- com.entity.AppTest -->
    </test> <!-- Surefire test -->
  </suite> <!-- Surefire suite -->
</testng-results>
